Using pre-set license
Built from '2022.2/release' branch; Version is '2022.2.1f1 (4fead5835099) revision 5237461'; Using compiler version '192829333'; Build Type 'Release'
OS: 'Windows 11  (10.0.22621) 64bit Professional' Language: 'en' Physical Memory: 16158 MB
BatchMode: 1, IsHumanControllingUs: 0, StartBugReporterOnCrash: 0, Is64bit: 1, IsPro: 1

COMMAND LINE ARGUMENTS:
C:\Program Files\Unity\Hub\Editor\2022.2.1f1\Editor\Unity.exe
-adb2
-batchMode
-noUpm
-name
AssetImportWorker1
-projectPath
C:/Users/Brady Gehrman/OneDrive - University of Louisville/Documents/Spring 2023/CSE 528/Gehrman_BG_Lab2
-logFile
Logs/AssetImportWorker1.log
-srvPort
54103
Successfully changed project path to: C:/Users/Brady Gehrman/OneDrive - University of Louisville/Documents/Spring 2023/CSE 528/Gehrman_BG_Lab2
C:/Users/Brady Gehrman/OneDrive - University of Louisville/Documents/Spring 2023/CSE 528/Gehrman_BG_Lab2
[UnityMemory] Configuration Parameters - Can be set up in boot.config
    "memorysetup-bucket-allocator-granularity=16"
    "memorysetup-bucket-allocator-bucket-count=8"
    "memorysetup-bucket-allocator-block-size=33554432"
    "memorysetup-bucket-allocator-block-count=8"
    "memorysetup-main-allocator-block-size=16777216"
    "memorysetup-thread-allocator-block-size=16777216"
    "memorysetup-gfx-main-allocator-block-size=16777216"
    "memorysetup-gfx-thread-allocator-block-size=16777216"
    "memorysetup-cache-allocator-block-size=4194304"
    "memorysetup-typetree-allocator-block-size=2097152"
    "memorysetup-profiler-bucket-allocator-granularity=16"
    "memorysetup-profiler-bucket-allocator-bucket-count=8"
    "memorysetup-profiler-bucket-allocator-block-size=33554432"
    "memorysetup-profiler-bucket-allocator-block-count=8"
    "memorysetup-profiler-allocator-block-size=16777216"
    "memorysetup-profiler-editor-allocator-block-size=1048576"
    "memorysetup-temp-allocator-size-main=16777216"
    "memorysetup-job-temp-allocator-block-size=2097152"
    "memorysetup-job-temp-allocator-block-size-background=1048576"
    "memorysetup-job-temp-allocator-reduction-small-platforms=262144"
    "memorysetup-temp-allocator-size-background-worker=32768"
    "memorysetup-temp-allocator-size-job-worker=262144"
    "memorysetup-temp-allocator-size-preload-manager=33554432"
    "memorysetup-temp-allocator-size-nav-mesh-worker=65536"
    "memorysetup-temp-allocator-size-audio-worker=65536"
    "memorysetup-temp-allocator-size-cloud-worker=32768"
    "memorysetup-temp-allocator-size-gi-baking-worker=262144"
    "memorysetup-temp-allocator-size-gfx=262144"
Player connection [41724] Host "[IP] 172.27.160.1 [Port] 0 [Flags] 2 [Guid] 1620066994 [EditorId] 1620066994 [Version] 1048832 [Id] WindowsEditor(7,DESKTOP-QNOENOP) [Debug] 1 [PackageName] WindowsEditor [ProjectName] Editor" joined multi-casting on [225.0.0.222:54997]...

Player connection [41724] Host "[IP] 172.27.160.1 [Port] 0 [Flags] 2 [Guid] 1620066994 [EditorId] 1620066994 [Version] 1048832 [Id] WindowsEditor(7,DESKTOP-QNOENOP) [Debug] 1 [PackageName] WindowsEditor [ProjectName] Editor" joined alternative multi-casting on [225.0.0.222:34997]...

Refreshing native plugins compatible for Editor in 151.65 ms, found 3 plugins.
Preloading 0 native plugins for Editor in 0.00 ms.
Initialize engine version: 2022.2.1f1 (4fead5835099)
[Subsystems] Discovering subsystems at path C:/Program Files/Unity/Hub/Editor/2022.2.1f1/Editor/Data/Resources/UnitySubsystems
[Subsystems] Discovering subsystems at path C:/Users/Brady Gehrman/OneDrive - University of Louisville/Documents/Spring 2023/CSE 528/Gehrman_BG_Lab2/Assets
GfxDevice: creating device client; threaded=0; jobified=0
Direct3D:
    Version:  Direct3D 11.0 [level 11.1]
    Renderer: Microsoft Basic Render Driver (ID=0x8c)
    Vendor:   Microsoft
    VRAM:     8079 MB
Shader Hidden/ProbeVolume/VoxelizeScene is not supported: GPU does not support conservative rasterization
Initialize mono
Mono path[0] = 'C:/Program Files/Unity/Hub/Editor/2022.2.1f1/Editor/Data/Managed'
Mono path[1] = 'C:/Program Files/Unity/Hub/Editor/2022.2.1f1/Editor/Data/MonoBleedingEdge/lib/mono/unityjit-win32'
Mono config path = 'C:/Program Files/Unity/Hub/Editor/2022.2.1f1/Editor/Data/MonoBleedingEdge/etc'
Using monoOptions --debugger-agent=transport=dt_socket,embedding=1,server=y,suspend=n,address=127.0.0.1:56896
Begin MonoManager ReloadAssembly
Registering precompiled unity dll's ...
Register platform support module: C:/Program Files/Unity/Hub/Editor/2022.2.1f1/Editor/Data/PlaybackEngines/WindowsStandaloneSupport/UnityEditor.WindowsStandalone.Extensions.dll
Registered in 0.065721 seconds.
- Loaded All Assemblies, in  2.176 seconds
Native extension for WindowsStandalone target not found
Mono: successfully reloaded assembly
- Finished resetting the current domain, in  1.826 seconds
Domain Reload Profiling:
	ReloadAssembly (1484ms)
		BeginReloadAssembly (623ms)
			ExecutionOrderSort (0ms)
			DisableScriptedObjects (0ms)
			BackupInstance (0ms)
			ReleaseScriptingObjects (0ms)
			CreateAndSetChildDomain (8ms)
		LoadAllAssembliesAndSetupDomain (0ms)
			LoadAssemblies (544ms)
			RebuildTransferFunctionScriptingTraits (0ms)
			SetupTypeCache (662ms)
				TypeCache.Initialize (661ms)
					TypeCache.ScanAssembly (658ms)
				ResolveRequiredComponents (1ms)
		FinalizeReload (0ms)
			ReleaseScriptCaches (0ms)
			RebuildScriptCaches (0ms)
			SetupLoadedEditorAssemblies (1523ms)
				LogAssemblyErrors (0ms)
				InitializePlatformSupportModulesInManaged (187ms)
				SetLoadedEditorAssemblies (64ms)
				RefreshPlugins (0ms)
				BeforeProcessingInitializeOnLoad (2ms)
				ProcessInitializeOnLoadAttributes (1035ms)
				ProcessInitializeOnLoadMethodAttributes (234ms)
				AfterProcessingInitializeOnLoad (0ms)
				EditorAssembliesLoaded (0ms)
			ExecutionOrderSort2 (0ms)
			AwakeInstancesAfterBackupRestoration (0ms)
========================================================================
Worker process is ready to serve import requests
Begin MonoManager ReloadAssembly
Symbol file LoadedFromMemory doesn't match image C:\Users\Brady Gehrman\OneDrive - University of Louisville\Documents\Spring 2023\CSE 528\Gehrman_BG_Lab2\Library\PackageCache\com.unity.visualscripting@1.7.8\Editor\VisualScripting.Core\Dependencies\YamlDotNet\Unity.VisualScripting.YamlDotNet.dll
Symbol file LoadedFromMemory doesn't match image C:\Users\Brady Gehrman\OneDrive - University of Louisville\Documents\Spring 2023\CSE 528\Gehrman_BG_Lab2\Library\PackageCache\com.unity.visualscripting@1.7.8\Editor\VisualScripting.Core\Dependencies\DotNetZip\Unity.VisualScripting.IonicZip.dll
- Loaded All Assemblies, in  3.462 seconds
Refreshing native plugins compatible for Editor in 11.97 ms, found 3 plugins.
Native extension for WindowsStandalone target not found
Mono: successfully reloaded assembly
- Finished resetting the current domain, in  3.512 seconds
Domain Reload Profiling:
	ReloadAssembly (1032ms)
		BeginReloadAssembly (633ms)
			ExecutionOrderSort (0ms)
			DisableScriptedObjects (13ms)
			BackupInstance (0ms)
			ReleaseScriptingObjects (21ms)
			CreateAndSetChildDomain (104ms)
		LoadAllAssembliesAndSetupDomain (2410ms)
			LoadAssemblies (489ms)
			RebuildTransferFunctionScriptingTraits (0ms)
			SetupTypeCache (2147ms)
				TypeCache.Initialize (1290ms)
					TypeCache.ScanAssembly (1278ms)
				ResolveRequiredComponents (32ms)
		FinalizeReload (0ms)
			ReleaseScriptCaches (0ms)
			RebuildScriptCaches (0ms)
			SetupLoadedEditorAssemblies (2456ms)
				LogAssemblyErrors (0ms)
				InitializePlatformSupportModulesInManaged (16ms)
				SetLoadedEditorAssemblies (66ms)
				RefreshPlugins (0ms)
				BeforeProcessingInitializeOnLoad (493ms)
				ProcessInitializeOnLoadAttributes (1377ms)
				ProcessInitializeOnLoadMethodAttributes (443ms)
				AfterProcessingInitializeOnLoad (60ms)
				EditorAssembliesLoaded (0ms)
			ExecutionOrderSort2 (0ms)
			AwakeInstancesAfterBackupRestoration (72ms)
Shader Hidden/ProbeVolume/VoxelizeScene is not supported: GPU does not support conservative rasterization
Launched and connected shader compiler UnityShaderCompiler.exe after 0.29 seconds
Refreshing native plugins compatible for Editor in 57.10 ms, found 3 plugins.
Preloading 0 native plugins for Editor in 0.00 ms.
Unloading 5545 Unused Serialized files (Serialized files now loaded: 0)
Unloading 32 unused Assets / (426.4 KB). Loaded Objects now: 6009.
Memory consumption went from 0.85 GB to 0.85 GB.
Total: 138.339500 ms (FindLiveObjects: 2.132300 ms CreateObjectMapping: 24.783600 ms MarkObjects: 110.922000 ms  DeleteObjects: 0.498900 ms)

AssetImportParameters requested are different than current active one (requested -> active):
  custom:container-demuxer-ogg: 62fdf1f143b41e24485cea50d1cbac27 -> 
  custom:video-codec-MediaFoundation-h265: 746d11721c4dcdbdad8f713fa42b33f4 -> 
  custom:video-decoder-ogg-theora: a1e56fd34408186e4bbccfd4996cb3dc -> 
  custom:framework-win-MediaFoundation: 216162199b28c13a410421893ffa2e32 -> 
  custom:container-demuxer-webm: 4f35f7cbe854078d1ac9338744f61a02 -> 
  custom:container-muxer-webm: aa71ff27fc2769a1b78a27578f13a17b -> 
  custom:video-decoder-webm-vp8: 9c59270c3fd7afecdb556c50c9e8de78 -> 
  custom:AudioImporter_EditorPlatform: d09bf68614088b80899f8185d706f6e7 -> 
  custom:video-encoder-webm-vp8: eb34c28f22e8b96e1ab97ce403110664 -> 
  custom:audio-decoder-ogg-vorbis: bf7c407c2cedff20999df2af8eb42d56 -> 
  custom:audio-encoder-webm-vorbis: bf7c407c2cedff20999df2af8eb42d56 -> 
========================================================================
Received Import Request.
  Time since last request: 2235751.509890 seconds.
  path: Assets/Sci-Fi Styled Modular Pack/Prefabs/Joints/Joint_X_6.prefab
  artifactKey: Guid(9d71973b94dc7364a8a8c7cd0a62b082) Importer(815301076,1909f56bfc062723c751e8b465ee728b)
Number of updated assets reloaded before import = 0
Start importing Assets/Sci-Fi Styled Modular Pack/Prefabs/Joints/Joint_X_6.prefab using Guid(9d71973b94dc7364a8a8c7cd0a62b082) Importer(815301076,1909f56bfc062723c751e8b465ee728b)  -> (artifact id: '4a23c6dc681e10f9071bbb4ee1cac5a6') in 4.487731 seconds 
Number of asset objects unloaded after import = 14
========================================================================
Received Import Request.
  Time since last request: 1.460754 seconds.
  path: Assets/Sci-Fi Styled Modular Pack/Prefabs/Doors/door_2.prefab
  artifactKey: Guid(820591594dcfa124d8a9c5d016d6c22c) Importer(815301076,1909f56bfc062723c751e8b465ee728b)
Number of updated assets reloaded before import = 0
Start importing Assets/Sci-Fi Styled Modular Pack/Prefabs/Doors/door_2.prefab using Guid(820591594dcfa124d8a9c5d016d6c22c) Importer(815301076,1909f56bfc062723c751e8b465ee728b)  -> (artifact id: '6dea38da88e9e4c56f4cc78be2103fb1') in 0.689181 seconds 
Internal: There are remaining Allocations on the JobTempAlloc. This is a leak, and will impact performance
To Debug, run app with -diag-job-temp-memory-leak-validation cmd line argument. This will output the callstacks of the leaked allocations.
Number of asset objects unloaded after import = 43
========================================================================
Received Import Request.
  Time since last request: 0.000053 seconds.
  path: Assets/Sci-Fi Styled Modular Pack/Prefabs/Doors/door_3.prefab
  artifactKey: Guid(2d927feb0fbf1a7429c095369d395de7) Importer(815301076,1909f56bfc062723c751e8b465ee728b)
Number of updated assets reloaded before import = 0
Start importing Assets/Sci-Fi Styled Modular Pack/Prefabs/Doors/door_3.prefab using Guid(2d927feb0fbf1a7429c095369d395de7) Importer(815301076,1909f56bfc062723c751e8b465ee728b)  -> (artifact id: 'e1fa49995c94310338d5d31650e0240c') in 1.119587 seconds 
Internal: There are remaining Allocations on the JobTempAlloc. This is a leak, and will impact performance
To Debug, run app with -diag-job-temp-memory-leak-validation cmd line argument. This will output the callstacks of the leaked allocations.
Number of asset objects unloaded after import = 57
========================================================================
Received Import Request.
  Time since last request: 2.123679 seconds.
  path: Assets/Sci-Fi Styled Modular Pack/Prefabs/Decorative elements/bed.prefab
  artifactKey: Guid(43d083e8215b4544594282d6c144d7ba) Importer(815301076,1909f56bfc062723c751e8b465ee728b)
Number of updated assets reloaded before import = 0
Start importing Assets/Sci-Fi Styled Modular Pack/Prefabs/Decorative elements/bed.prefab using Guid(43d083e8215b4544594282d6c144d7ba) Importer(815301076,1909f56bfc062723c751e8b465ee728b)  -> (artifact id: '953a10dcb19c16014badeeaed52d6ad2') in 0.185707 seconds 
Internal: There are remaining Allocations on the JobTempAlloc. This is a leak, and will impact performance
To Debug, run app with -diag-job-temp-memory-leak-validation cmd line argument. This will output the callstacks of the leaked allocations.
Number of asset objects unloaded after import = 13
========================================================================
Received Import Request.
  Time since last request: 0.000080 seconds.
  path: Assets/Sci-Fi Styled Modular Pack/Prefabs/Decorative elements/console.prefab
  artifactKey: Guid(d78f2ba16003e6e4681b4702d6dcb72e) Importer(815301076,1909f56bfc062723c751e8b465ee728b)
Number of updated assets reloaded before import = 0
Start importing Assets/Sci-Fi Styled Modular Pack/Prefabs/Decorative elements/console.prefab using Guid(d78f2ba16003e6e4681b4702d6dcb72e) Importer(815301076,1909f56bfc062723c751e8b465ee728b)  -> (artifact id: 'dc7cd3aff536ccdb98ca1a1c0a9914ea') in 0.600925 seconds 
Internal: JobTempAlloc has allocations that are more than the maximum lifespan of 4 frames old - this is not allowed and likely a leak
To Debug, run app with -diag-job-temp-memory-leak-validation cmd line argument. This will output the callstacks of the leaked allocations.
Internal: There are remaining Allocations on the JobTempAlloc. This is a leak, and will impact performance
To Debug, run app with -diag-job-temp-memory-leak-validation cmd line argument. This will output the callstacks of the leaked allocations.
Number of asset objects unloaded after import = 14
========================================================================
Received Import Request.
  Time since last request: 0.000050 seconds.
  path: Assets/Sci-Fi Styled Modular Pack/Prefabs/Decorative elements/bunk_bed.prefab
  artifactKey: Guid(9efb87eb649319c4c8c3a954a74df462) Importer(815301076,1909f56bfc062723c751e8b465ee728b)
Number of updated assets reloaded before import = 0
Start importing Assets/Sci-Fi Styled Modular Pack/Prefabs/Decorative elements/bunk_bed.prefab using Guid(9efb87eb649319c4c8c3a954a74df462) Importer(815301076,1909f56bfc062723c751e8b465ee728b)  -> (artifact id: 'acca1eb6d6c7917aa614ff2da128e7b7') in 0.443019 seconds 
Internal: There are remaining Allocations on the JobTempAlloc. This is a leak, and will impact performance
To Debug, run app with -diag-job-temp-memory-leak-validation cmd line argument. This will output the callstacks of the leaked allocations.
Number of asset objects unloaded after import = 13
========================================================================
Received Import Request.
  Time since last request: 0.000048 seconds.
  path: Assets/Sci-Fi Styled Modular Pack/Prefabs/Decorative elements/decorative_sofa.prefab
  artifactKey: Guid(e4362215d2f4b974a9729be40db2af84) Importer(815301076,1909f56bfc062723c751e8b465ee728b)
Number of updated assets reloaded before import = 0
Start importing Assets/Sci-Fi Styled Modular Pack/Prefabs/Decorative elements/decorative_sofa.prefab using Guid(e4362215d2f4b974a9729be40db2af84) Importer(815301076,1909f56bfc062723c751e8b465ee728b)  -> (artifact id: '8221faa41513a0ccb07fda11684e9e73') in 0.605197 seconds 
Internal: JobTempAlloc has allocations that are more than the maximum lifespan of 4 frames old - this is not allowed and likely a leak
To Debug, run app with -diag-job-temp-memory-leak-validation cmd line argument. This will output the callstacks of the leaked allocations.
Internal: There are remaining Allocations on the JobTempAlloc. This is a leak, and will impact performance
To Debug, run app with -diag-job-temp-memory-leak-validation cmd line argument. This will output the callstacks of the leaked allocations.
Number of asset objects unloaded after import = 21
========================================================================
Received Import Request.
  Time since last request: 0.000047 seconds.
  path: Assets/Sci-Fi Styled Modular Pack/Prefabs/Decorative elements/console_screen.prefab
  artifactKey: Guid(814f2f52d8dd87948a0fba9364aa412b) Importer(815301076,1909f56bfc062723c751e8b465ee728b)
Number of updated assets reloaded before import = 0
Start importing Assets/Sci-Fi Styled Modular Pack/Prefabs/Decorative elements/console_screen.prefab using Guid(814f2f52d8dd87948a0fba9364aa412b) Importer(815301076,1909f56bfc062723c751e8b465ee728b)  -> (artifact id: 'f8d90acfb58e18c475c6457418dad6ee') in 0.525534 seconds 
Internal: There are remaining Allocations on the JobTempAlloc. This is a leak, and will impact performance
To Debug, run app with -diag-job-temp-memory-leak-validation cmd line argument. This will output the callstacks of the leaked allocations.
Number of asset objects unloaded after import = 14
========================================================================
Received Import Request.
  Time since last request: 0.000040 seconds.
  path: Assets/Sci-Fi Styled Modular Pack/Prefabs/Decorative elements/computer_station.prefab
  artifactKey: Guid(82c3b8fcabff82d4787f83e992e386df) Importer(815301076,1909f56bfc062723c751e8b465ee728b)
Number of updated assets reloaded before import = 0
Start importing Assets/Sci-Fi Styled Modular Pack/Prefabs/Decorative elements/computer_station.prefab using Guid(82c3b8fcabff82d4787f83e992e386df) Importer(815301076,1909f56bfc062723c751e8b465ee728b)  -> (artifact id: 'd75c8e55852970a0c493d54e0a14b2f4') in 8.476226 seconds 
Internal: There are remaining Allocations on the JobTempAlloc. This is a leak, and will impact performance
To Debug, run app with -diag-job-temp-memory-leak-validation cmd line argument. This will output the callstacks of the leaked allocations.
Number of asset objects unloaded after import = 16
========================================================================
Received Import Request.
  Time since last request: 0.000063 seconds.
  path: Assets/Sci-Fi Styled Modular Pack/Prefabs/Decorative elements/big_screen.prefab
  artifactKey: Guid(2e1b886e9f18d9e43bf1d35ceab0b368) Importer(815301076,1909f56bfc062723c751e8b465ee728b)
Number of updated assets reloaded before import = 0
Start importing Assets/Sci-Fi Styled Modular Pack/Prefabs/Decorative elements/big_screen.prefab using Guid(2e1b886e9f18d9e43bf1d35ceab0b368) Importer(815301076,1909f56bfc062723c751e8b465ee728b)  -> (artifact id: '19f2a98eb2f1869f07cad78ceec74adb') in 1.131908 seconds 
Internal: There are remaining Allocations on the JobTempAlloc. This is a leak, and will impact performance
To Debug, run app with -diag-job-temp-memory-leak-validation cmd line argument. This will output the callstacks of the leaked allocations.
Number of asset objects unloaded after import = 14
========================================================================
Received Import Request.
  Time since last request: 0.000179 seconds.
  path: Assets/Sci-Fi Styled Modular Pack/Prefabs/Corridors/Corridor_1.prefab
  artifactKey: Guid(f18932879bb23b84ca5370b65419ee41) Importer(815301076,1909f56bfc062723c751e8b465ee728b)
Number of updated assets reloaded before import = 0
Start importing Assets/Sci-Fi Styled Modular Pack/Prefabs/Corridors/Corridor_1.prefab using Guid(f18932879bb23b84ca5370b65419ee41) Importer(815301076,1909f56bfc062723c751e8b465ee728b)  -> (artifact id: '1abf9124b047651ab1d0ee785bd638ec') in 1.410540 seconds 
Internal: There are remaining Allocations on the JobTempAlloc. This is a leak, and will impact performance
To Debug, run app with -diag-job-temp-memory-leak-validation cmd line argument. This will output the callstacks of the leaked allocations.
Number of asset objects unloaded after import = 58
========================================================================
Received Import Request.
  Time since last request: 0.000273 seconds.
  path: Assets/Sci-Fi Styled Modular Pack/Prefabs/Corridors/Corridor_X.prefab
  artifactKey: Guid(d17bc9c1cdef1c5448255edad31c1c61) Importer(815301076,1909f56bfc062723c751e8b465ee728b)
Number of updated assets reloaded before import = 0
Start importing Assets/Sci-Fi Styled Modular Pack/Prefabs/Corridors/Corridor_X.prefab using Guid(d17bc9c1cdef1c5448255edad31c1c61) Importer(815301076,1909f56bfc062723c751e8b465ee728b)  -> (artifact id: 'e13521d56ce70e3cdada07597aade951') in 13.572830 seconds 
Internal: There are remaining Allocations on the JobTempAlloc. This is a leak, and will impact performance
To Debug, run app with -diag-job-temp-memory-leak-validation cmd line argument. This will output the callstacks of the leaked allocations.
Number of asset objects unloaded after import = 204
========================================================================
Received Import Request.
  Time since last request: 0.000045 seconds.
  path: Assets/Sci-Fi Styled Modular Pack/Prefabs/Decorative elements/bulletin_board_small.prefab
  artifactKey: Guid(d65adb88fb474aa488e3dca96d9ee071) Importer(815301076,1909f56bfc062723c751e8b465ee728b)
Number of updated assets reloaded before import = 0
Start importing Assets/Sci-Fi Styled Modular Pack/Prefabs/Decorative elements/bulletin_board_small.prefab using Guid(d65adb88fb474aa488e3dca96d9ee071) Importer(815301076,1909f56bfc062723c751e8b465ee728b)  -> (artifact id: 'bcbc47079c2136881a0c6dbdb8cd1c19') in 0.937981 seconds 
Internal: There are remaining Allocations on the JobTempAlloc. This is a leak, and will impact performance
To Debug, run app with -diag-job-temp-memory-leak-validation cmd line argument. This will output the callstacks of the leaked allocations.
Number of asset objects unloaded after import = 13
========================================================================
Received Import Request.
  Time since last request: 0.016393 seconds.
  path: Assets/Sci-Fi Styled Modular Pack/Prefabs/Decorative elements/floor_corner_ornament.prefab
  artifactKey: Guid(0759e5b8616fa854dbb807a3ac19ec2b) Importer(815301076,1909f56bfc062723c751e8b465ee728b)
Number of updated assets reloaded before import = 0
Start importing Assets/Sci-Fi Styled Modular Pack/Prefabs/Decorative elements/floor_corner_ornament.prefab using Guid(0759e5b8616fa854dbb807a3ac19ec2b) Importer(815301076,1909f56bfc062723c751e8b465ee728b)  -> (artifact id: 'c5dcd5e6469ba24643c389673f37ff2e') in 0.843220 seconds 
Internal: There are remaining Allocations on the JobTempAlloc. This is a leak, and will impact performance
To Debug, run app with -diag-job-temp-memory-leak-validation cmd line argument. This will output the callstacks of the leaked allocations.
Number of asset objects unloaded after import = 13
========================================================================
Received Import Request.
  Time since last request: 0.000069 seconds.
  path: Assets/Sci-Fi Styled Modular Pack/Prefabs/Decorative elements/decorative_plant.prefab
  artifactKey: Guid(83a919b0e630c394780833b59a51ab4f) Importer(815301076,1909f56bfc062723c751e8b465ee728b)
Number of updated assets reloaded before import = 0
Start importing Assets/Sci-Fi Styled Modular Pack/Prefabs/Decorative elements/decorative_plant.prefab using Guid(83a919b0e630c394780833b59a51ab4f) Importer(815301076,1909f56bfc062723c751e8b465ee728b)  -> (artifact id: 'ea03391c515e302ce1d16ec892cfa3c5') in 1.038270 seconds 
Internal: There are remaining Allocations on the JobTempAlloc. This is a leak, and will impact performance
To Debug, run app with -diag-job-temp-memory-leak-validation cmd line argument. This will output the callstacks of the leaked allocations.
Number of asset objects unloaded after import = 17
========================================================================
Received Import Request.
  Time since last request: 164.274270 seconds.
  path: Assets/Sci-Fi Styled Modular Pack/Prefabs/Extended Primitives/Cube_1x2_extended.prefab
  artifactKey: Guid(20a37f90760425a44ad7a8650eecc7b7) Importer(815301076,1909f56bfc062723c751e8b465ee728b)
Number of updated assets reloaded before import = 0
Start importing Assets/Sci-Fi Styled Modular Pack/Prefabs/Extended Primitives/Cube_1x2_extended.prefab using Guid(20a37f90760425a44ad7a8650eecc7b7) Importer(815301076,1909f56bfc062723c751e8b465ee728b)  -> (artifact id: 'd570bc15fec79eaae321d388293e529c') in 0.367526 seconds 
Internal: There are remaining Allocations on the JobTempAlloc. This is a leak, and will impact performance
To Debug, run app with -diag-job-temp-memory-leak-validation cmd line argument. This will output the callstacks of the leaked allocations.
Number of asset objects unloaded after import = 13
========================================================================
Received Import Request.
  Time since last request: 0.000091 seconds.
  path: Assets/Sci-Fi Styled Modular Pack/Prefabs/Extended Primitives/Sphere_32_extended.prefab
  artifactKey: Guid(de147e9408aafd44da3a10d9b4fdc046) Importer(815301076,1909f56bfc062723c751e8b465ee728b)
Number of updated assets reloaded before import = 0
Start importing Assets/Sci-Fi Styled Modular Pack/Prefabs/Extended Primitives/Sphere_32_extended.prefab using Guid(de147e9408aafd44da3a10d9b4fdc046) Importer(815301076,1909f56bfc062723c751e8b465ee728b)  -> (artifact id: 'acfabd2da6b7d552a0019d883ba3dc4d') in 0.569759 seconds 
Internal: There are remaining Allocations on the JobTempAlloc. This is a leak, and will impact performance
To Debug, run app with -diag-job-temp-memory-leak-validation cmd line argument. This will output the callstacks of the leaked allocations.
Number of asset objects unloaded after import = 13
========================================================================
Received Import Request.
  Time since last request: 0.000112 seconds.
  path: Assets/Sci-Fi Styled Modular Pack/Prefabs/Extended Primitives/Cylinder_16_extended.prefab
  artifactKey: Guid(3f6d5a55a145f4f40bebd7d054c548f0) Importer(815301076,1909f56bfc062723c751e8b465ee728b)
Number of updated assets reloaded before import = 0
Start importing Assets/Sci-Fi Styled Modular Pack/Prefabs/Extended Primitives/Cylinder_16_extended.prefab using Guid(3f6d5a55a145f4f40bebd7d054c548f0) Importer(815301076,1909f56bfc062723c751e8b465ee728b)  -> (artifact id: '753c641a8ddec5a9edec2529348e4409') in 0.568165 seconds 
Internal: There are remaining Allocations on the JobTempAlloc. This is a leak, and will impact performance
To Debug, run app with -diag-job-temp-memory-leak-validation cmd line argument. This will output the callstacks of the leaked allocations.
Number of asset objects unloaded after import = 13
========================================================================
Received Import Request.
  Time since last request: 10.339410 seconds.
  path: Assets/Sci-Fi Styled Modular Pack/Prefabs/Lights/light_celing_2.prefab
  artifactKey: Guid(e15828603e27c5e42b39860e4f55da70) Importer(815301076,1909f56bfc062723c751e8b465ee728b)
Number of updated assets reloaded before import = 0
Start importing Assets/Sci-Fi Styled Modular Pack/Prefabs/Lights/light_celing_2.prefab using Guid(e15828603e27c5e42b39860e4f55da70) Importer(815301076,1909f56bfc062723c751e8b465ee728b)  -> (artifact id: '9cb96989d7901c28c64aeac0c480de1b') in 0.256526 seconds 
Internal: There are remaining Allocations on the JobTempAlloc. This is a leak, and will impact performance
To Debug, run app with -diag-job-temp-memory-leak-validation cmd line argument. This will output the callstacks of the leaked allocations.
Number of asset objects unloaded after import = 19
========================================================================
Received Import Request.
  Time since last request: 0.000035 seconds.
  path: Assets/Sci-Fi Styled Modular Pack/Prefabs/Lights/light_wall_2_blue.prefab
  artifactKey: Guid(5412c75372d92be4484fa4a55b5c99e3) Importer(815301076,1909f56bfc062723c751e8b465ee728b)
Number of updated assets reloaded before import = 0
Start importing Assets/Sci-Fi Styled Modular Pack/Prefabs/Lights/light_wall_2_blue.prefab using Guid(5412c75372d92be4484fa4a55b5c99e3) Importer(815301076,1909f56bfc062723c751e8b465ee728b)  -> (artifact id: 'e4a83e4ae16a80354c99a614c92780bb') in 0.593912 seconds 
Internal: There are remaining Allocations on the JobTempAlloc. This is a leak, and will impact performance
To Debug, run app with -diag-job-temp-memory-leak-validation cmd line argument. This will output the callstacks of the leaked allocations.
Number of asset objects unloaded after import = 17
========================================================================
Received Import Request.
  Time since last request: 0.000102 seconds.
  path: Assets/Sci-Fi Styled Modular Pack/Prefabs/Lights/light_corner_1.prefab
  artifactKey: Guid(43373d8b4f572cf468859751b9dcbbfd) Importer(815301076,1909f56bfc062723c751e8b465ee728b)
Number of updated assets reloaded before import = 0
Start importing Assets/Sci-Fi Styled Modular Pack/Prefabs/Lights/light_corner_1.prefab using Guid(43373d8b4f572cf468859751b9dcbbfd) Importer(815301076,1909f56bfc062723c751e8b465ee728b)  -> (artifact id: 'e54403854f44c6f871e20bbf4bcd88fb') in 0.573785 seconds 
Internal: There are remaining Allocations on the JobTempAlloc. This is a leak, and will impact performance
To Debug, run app with -diag-job-temp-memory-leak-validation cmd line argument. This will output the callstacks of the leaked allocations.
Number of asset objects unloaded after import = 17
========================================================================
Received Import Request.
  Time since last request: 0.000050 seconds.
  path: Assets/Sci-Fi Styled Modular Pack/Prefabs/Lights/light_wall_2.prefab
  artifactKey: Guid(8e32be8f06ec06448ac537b609c2d7f7) Importer(815301076,1909f56bfc062723c751e8b465ee728b)
Number of updated assets reloaded before import = 0
Start importing Assets/Sci-Fi Styled Modular Pack/Prefabs/Lights/light_wall_2.prefab using Guid(8e32be8f06ec06448ac537b609c2d7f7) Importer(815301076,1909f56bfc062723c751e8b465ee728b)  -> (artifact id: '8649efbcc462e8e8ea85a85dfc6f370d') in 0.577514 seconds 
Internal: There are remaining Allocations on the JobTempAlloc. This is a leak, and will impact performance
To Debug, run app with -diag-job-temp-memory-leak-validation cmd line argument. This will output the callstacks of the leaked allocations.
Number of asset objects unloaded after import = 17
========================================================================
Received Import Request.
  Time since last request: 0.000054 seconds.
  path: Assets/Sci-Fi Styled Modular Pack/Prefabs/Machines/Battery_big.prefab
  artifactKey: Guid(77c6276b63956c9439d917f842b9eeb0) Importer(815301076,1909f56bfc062723c751e8b465ee728b)
Number of updated assets reloaded before import = 0
Start importing Assets/Sci-Fi Styled Modular Pack/Prefabs/Machines/Battery_big.prefab using Guid(77c6276b63956c9439d917f842b9eeb0) Importer(815301076,1909f56bfc062723c751e8b465ee728b)  -> (artifact id: 'ba9f09c89c0a1a0b10135aded8cdbe18') in 0.649316 seconds 
Internal: There are remaining Allocations on the JobTempAlloc. This is a leak, and will impact performance
To Debug, run app with -diag-job-temp-memory-leak-validation cmd line argument. This will output the callstacks of the leaked allocations.
Number of asset objects unloaded after import = 14
========================================================================
Received Import Request.
  Time since last request: 0.000060 seconds.
  path: Assets/Sci-Fi Styled Modular Pack/Prefabs/Machines/storage_container_big.prefab
  artifactKey: Guid(c944460b7f1a8ef47b05ebec140bdd17) Importer(815301076,1909f56bfc062723c751e8b465ee728b)
Number of updated assets reloaded before import = 0
Start importing Assets/Sci-Fi Styled Modular Pack/Prefabs/Machines/storage_container_big.prefab using Guid(c944460b7f1a8ef47b05ebec140bdd17) Importer(815301076,1909f56bfc062723c751e8b465ee728b)  -> (artifact id: 'f9806bd498df8021d097ef85ab63a697') in 1.138509 seconds 
Internal: There are remaining Allocations on the JobTempAlloc. This is a leak, and will impact performance
To Debug, run app with -diag-job-temp-memory-leak-validation cmd line argument. This will output the callstacks of the leaked allocations.
Number of asset objects unloaded after import = 13
========================================================================
Received Import Request.
  Time since last request: 0.000498 seconds.
  path: Assets/Sci-Fi Styled Modular Pack/Prefabs/Machines/Capacitor.prefab
  artifactKey: Guid(888614259d2d71142a4ba0b538e54caf) Importer(815301076,1909f56bfc062723c751e8b465ee728b)
Number of updated assets reloaded before import = 0
Start importing Assets/Sci-Fi Styled Modular Pack/Prefabs/Machines/Capacitor.prefab using Guid(888614259d2d71142a4ba0b538e54caf) Importer(815301076,1909f56bfc062723c751e8b465ee728b)  -> (artifact id: 'f03abe2895d62b2d7a6e1eb8d162f886') in 1.324777 seconds 
Internal: There are remaining Allocations on the JobTempAlloc. This is a leak, and will impact performance
To Debug, run app with -diag-job-temp-memory-leak-validation cmd line argument. This will output the callstacks of the leaked allocations.
Number of asset objects unloaded after import = 33
========================================================================
Received Import Request.
  Time since last request: 0.002004 seconds.
  path: Assets/Sci-Fi Styled Modular Pack/Prefabs/Machines/container_big.prefab
  artifactKey: Guid(9d79238e340446545b920b58f2cd9574) Importer(815301076,1909f56bfc062723c751e8b465ee728b)
Number of updated assets reloaded before import = 0
Start importing Assets/Sci-Fi Styled Modular Pack/Prefabs/Machines/container_big.prefab using Guid(9d79238e340446545b920b58f2cd9574) Importer(815301076,1909f56bfc062723c751e8b465ee728b)  -> (artifact id: '10129951e9e3423426efeecced74c63b') in 0.815619 seconds 
Internal: There are remaining Allocations on the JobTempAlloc. This is a leak, and will impact performance
To Debug, run app with -diag-job-temp-memory-leak-validation cmd line argument. This will output the callstacks of the leaked allocations.
Number of asset objects unloaded after import = 13
========================================================================
Received Import Request.
  Time since last request: 0.000068 seconds.
  path: Assets/Sci-Fi Styled Modular Pack/Prefabs/Machines/shield_generator.prefab
  artifactKey: Guid(3705bd4c1b398ea4ba0413ef903772cc) Importer(815301076,1909f56bfc062723c751e8b465ee728b)
Number of updated assets reloaded before import = 0
Start importing Assets/Sci-Fi Styled Modular Pack/Prefabs/Machines/shield_generator.prefab using Guid(3705bd4c1b398ea4ba0413ef903772cc) Importer(815301076,1909f56bfc062723c751e8b465ee728b)  -> (artifact id: '5d4d6d17635e71fb6f7e53370e74f375') in 1.119178 seconds 
Internal: There are remaining Allocations on the JobTempAlloc. This is a leak, and will impact performance
To Debug, run app with -diag-job-temp-memory-leak-validation cmd line argument. This will output the callstacks of the leaked allocations.
Number of asset objects unloaded after import = 13
========================================================================
Received Import Request.
  Time since last request: 0.000060 seconds.
  path: Assets/Sci-Fi Styled Modular Pack/Prefabs/Lights/light_wall_3_blue.prefab
  artifactKey: Guid(8b5797a18349fb546be8acddc71151ff) Importer(815301076,1909f56bfc062723c751e8b465ee728b)
Number of updated assets reloaded before import = 0
Start importing Assets/Sci-Fi Styled Modular Pack/Prefabs/Lights/light_wall_3_blue.prefab using Guid(8b5797a18349fb546be8acddc71151ff) Importer(815301076,1909f56bfc062723c751e8b465ee728b)  -> (artifact id: '54f008807a9632d7b292366ef27fcbfa') in 1.044550 seconds 
Internal: There are remaining Allocations on the JobTempAlloc. This is a leak, and will impact performance
To Debug, run app with -diag-job-temp-memory-leak-validation cmd line argument. This will output the callstacks of the leaked allocations.
Number of asset objects unloaded after import = 17
========================================================================
Received Import Request.
  Time since last request: 0.002983 seconds.
  path: Assets/Sci-Fi Styled Modular Pack/Prefabs/Stairs/stairs_big_with_emmision.prefab
  artifactKey: Guid(964ef5212b7340f4cb5eff37c56177aa) Importer(815301076,1909f56bfc062723c751e8b465ee728b)
Number of updated assets reloaded before import = 0
Start importing Assets/Sci-Fi Styled Modular Pack/Prefabs/Stairs/stairs_big_with_emmision.prefab using Guid(964ef5212b7340f4cb5eff37c56177aa) Importer(815301076,1909f56bfc062723c751e8b465ee728b)  -> (artifact id: '48cbb7d41f967b7eb02373b4f653b8d6') in 1.108935 seconds 
Internal: There are remaining Allocations on the JobTempAlloc. This is a leak, and will impact performance
To Debug, run app with -diag-job-temp-memory-leak-validation cmd line argument. This will output the callstacks of the leaked allocations.
Number of asset objects unloaded after import = 14
========================================================================
Received Import Request.
  Time since last request: 0.000044 seconds.
  path: Assets/Sci-Fi Styled Modular Pack/Prefabs/Stairs/stairs_small_with_emmision.prefab
  artifactKey: Guid(8da4079fb873f6b458c21ed4e56da94b) Importer(815301076,1909f56bfc062723c751e8b465ee728b)
Number of updated assets reloaded before import = 0
Start importing Assets/Sci-Fi Styled Modular Pack/Prefabs/Stairs/stairs_small_with_emmision.prefab using Guid(8da4079fb873f6b458c21ed4e56da94b) Importer(815301076,1909f56bfc062723c751e8b465ee728b)  -> (artifact id: '5e9cfa51f0a8e6e5e092a8ec94dd3d27') in 1.148397 seconds 
Internal: There are remaining Allocations on the JobTempAlloc. This is a leak, and will impact performance
To Debug, run app with -diag-job-temp-memory-leak-validation cmd line argument. This will output the callstacks of the leaked allocations.
Number of asset objects unloaded after import = 14
========================================================================
Received Import Request.
  Time since last request: 0.051805 seconds.
  path: Assets/Sci-Fi Styled Modular Pack/Prefabs/Machines/storage_container_small.prefab
  artifactKey: Guid(777d150aa6d8e1d48bcaea831bed7072) Importer(815301076,1909f56bfc062723c751e8b465ee728b)
Number of updated assets reloaded before import = 0
Start importing Assets/Sci-Fi Styled Modular Pack/Prefabs/Machines/storage_container_small.prefab using Guid(777d150aa6d8e1d48bcaea831bed7072) Importer(815301076,1909f56bfc062723c751e8b465ee728b)  -> (artifact id: '39602ca47d4cccfc9c85d10e6dc80f79') in 0.903787 seconds 
Internal: There are remaining Allocations on the JobTempAlloc. This is a leak, and will impact performance
To Debug, run app with -diag-job-temp-memory-leak-validation cmd line argument. This will output the callstacks of the leaked allocations.
Number of asset objects unloaded after import = 13
========================================================================
Received Import Request.
  Time since last request: 0.000055 seconds.
  path: Assets/Sci-Fi Styled Modular Pack/Prefabs/Machines/Battery_medium.prefab
  artifactKey: Guid(98f508b556c380a4e89204f95af2d3da) Importer(815301076,1909f56bfc062723c751e8b465ee728b)
Number of updated assets reloaded before import = 0
Start importing Assets/Sci-Fi Styled Modular Pack/Prefabs/Machines/Battery_medium.prefab using Guid(98f508b556c380a4e89204f95af2d3da) Importer(815301076,1909f56bfc062723c751e8b465ee728b)  -> (artifact id: '25f2f92dab1e25e4d65a503e270b8451') in 1.483965 seconds 
Internal: There are remaining Allocations on the JobTempAlloc. This is a leak, and will impact performance
To Debug, run app with -diag-job-temp-memory-leak-validation cmd line argument. This will output the callstacks of the leaked allocations.
Number of asset objects unloaded after import = 14
========================================================================
Received Import Request.
  Time since last request: 0.014832 seconds.
  path: Assets/Sci-Fi Styled Modular Pack/Prefabs/Walls/glass_panel_1.prefab
  artifactKey: Guid(a5cd29a93d7ae2d488fa0376d0d08462) Importer(815301076,1909f56bfc062723c751e8b465ee728b)
Number of updated assets reloaded before import = 0
Start importing Assets/Sci-Fi Styled Modular Pack/Prefabs/Walls/glass_panel_1.prefab using Guid(a5cd29a93d7ae2d488fa0376d0d08462) Importer(815301076,1909f56bfc062723c751e8b465ee728b)  -> (artifact id: '3fe633d58e8fdd6680cd47e283cbf06c') in 9.201605 seconds 
Internal: There are remaining Allocations on the JobTempAlloc. This is a leak, and will impact performance
To Debug, run app with -diag-job-temp-memory-leak-validation cmd line argument. This will output the callstacks of the leaked allocations.
Number of asset objects unloaded after import = 17
========================================================================
Received Import Request.
  Time since last request: 0.000045 seconds.
  path: Assets/Sci-Fi Styled Modular Pack/Prefabs/Walls/wall_big.prefab
  artifactKey: Guid(b38a3290156af5046a449900e3163984) Importer(815301076,1909f56bfc062723c751e8b465ee728b)
Number of updated assets reloaded before import = 0
Start importing Assets/Sci-Fi Styled Modular Pack/Prefabs/Walls/wall_big.prefab using Guid(b38a3290156af5046a449900e3163984) Importer(815301076,1909f56bfc062723c751e8b465ee728b)  -> (artifact id: 'c8d9165718d520b27bd4fc6f0ea4943a') in 0.188978 seconds 
Internal: There are remaining Allocations on the JobTempAlloc. This is a leak, and will impact performance
To Debug, run app with -diag-job-temp-memory-leak-validation cmd line argument. This will output the callstacks of the leaked allocations.
Number of asset objects unloaded after import = 23
========================================================================
Received Import Request.
  Time since last request: 0.000049 seconds.
  path: Assets/Sci-Fi Styled Modular Pack/Prefabs/Walls/decorative_wall_6.prefab
  artifactKey: Guid(f3a954679d4d04b49953424fc6bf526c) Importer(815301076,1909f56bfc062723c751e8b465ee728b)
Number of updated assets reloaded before import = 0
Start importing Assets/Sci-Fi Styled Modular Pack/Prefabs/Walls/decorative_wall_6.prefab using Guid(f3a954679d4d04b49953424fc6bf526c) Importer(815301076,1909f56bfc062723c751e8b465ee728b)  -> (artifact id: '4a5d960d89b99133ce49528471a5a833') in 0.152300 seconds 
Internal: There are remaining Allocations on the JobTempAlloc. This is a leak, and will impact performance
To Debug, run app with -diag-job-temp-memory-leak-validation cmd line argument. This will output the callstacks of the leaked allocations.
Number of asset objects unloaded after import = 13
========================================================================
Received Import Request.
  Time since last request: 0.000042 seconds.
  path: Assets/Sci-Fi Styled Modular Pack/Prefabs/Machines/Battery.prefab
  artifactKey: Guid(857b9bcf7311f5a49b829c4fd3cc791f) Importer(815301076,1909f56bfc062723c751e8b465ee728b)
Number of updated assets reloaded before import = 0
Start importing Assets/Sci-Fi Styled Modular Pack/Prefabs/Machines/Battery.prefab using Guid(857b9bcf7311f5a49b829c4fd3cc791f) Importer(815301076,1909f56bfc062723c751e8b465ee728b)  -> (artifact id: 'ff2a341ae75886a1d1c9c432a83d9642') in 0.205112 seconds 
Internal: There are remaining Allocations on the JobTempAlloc. This is a leak, and will impact performance
To Debug, run app with -diag-job-temp-memory-leak-validation cmd line argument. This will output the callstacks of the leaked allocations.
Number of asset objects unloaded after import = 14
========================================================================
Received Import Request.
  Time since last request: 0.000062 seconds.
  path: Assets/Sci-Fi Styled Modular Pack/Prefabs/Walls/decorative_wall_1.prefab
  artifactKey: Guid(ef77650fcc7dfd64a8d614922d90c382) Importer(815301076,1909f56bfc062723c751e8b465ee728b)
Number of updated assets reloaded before import = 0
Start importing Assets/Sci-Fi Styled Modular Pack/Prefabs/Walls/decorative_wall_1.prefab using Guid(ef77650fcc7dfd64a8d614922d90c382) Importer(815301076,1909f56bfc062723c751e8b465ee728b)  -> (artifact id: 'dbfc513813f747d34832edb6427174f0') in 0.180394 seconds 
Internal: There are remaining Allocations on the JobTempAlloc. This is a leak, and will impact performance
To Debug, run app with -diag-job-temp-memory-leak-validation cmd line argument. This will output the callstacks of the leaked allocations.
Number of asset objects unloaded after import = 21
========================================================================
Received Import Request.
  Time since last request: 0.000071 seconds.
  path: Assets/Sci-Fi Styled Modular Pack/Prefabs/Machines/torpedo.prefab
  artifactKey: Guid(26f7afb3718727245a184c5904ea5cfa) Importer(815301076,1909f56bfc062723c751e8b465ee728b)
Number of updated assets reloaded before import = 0
Start importing Assets/Sci-Fi Styled Modular Pack/Prefabs/Machines/torpedo.prefab using Guid(26f7afb3718727245a184c5904ea5cfa) Importer(815301076,1909f56bfc062723c751e8b465ee728b)  -> (artifact id: 'bca5c72dcc234c923b314daf314f5005') in 0.158550 seconds 
Internal: There are remaining Allocations on the JobTempAlloc. This is a leak, and will impact performance
To Debug, run app with -diag-job-temp-memory-leak-validation cmd line argument. This will output the callstacks of the leaked allocations.
Number of asset objects unloaded after import = 13
========================================================================
Received Import Request.
  Time since last request: 0.000171 seconds.
  path: Assets/Sci-Fi Styled Modular Pack/Prefabs/Stairs/stairs_small.prefab
  artifactKey: Guid(67da585b6785b484dabda72df240d375) Importer(815301076,1909f56bfc062723c751e8b465ee728b)
Number of updated assets reloaded before import = 0
Start importing Assets/Sci-Fi Styled Modular Pack/Prefabs/Stairs/stairs_small.prefab using Guid(67da585b6785b484dabda72df240d375) Importer(815301076,1909f56bfc062723c751e8b465ee728b)  -> (artifact id: 'bd4c0ee3c4f9a9c46a6ed8d9ca30fd64') in 0.295428 seconds 
Internal: There are remaining Allocations on the JobTempAlloc. This is a leak, and will impact performance
To Debug, run app with -diag-job-temp-memory-leak-validation cmd line argument. This will output the callstacks of the leaked allocations.
Number of asset objects unloaded after import = 14
========================================================================
Received Import Request.
  Time since last request: 0.001705 seconds.
  path: Assets/Sci-Fi Styled Modular Pack/Prefabs/Walls/glass_panel_1_corner.prefab
  artifactKey: Guid(8c3a444b099b80643a84476bfefca60d) Importer(815301076,1909f56bfc062723c751e8b465ee728b)
Number of updated assets reloaded before import = 0
Start importing Assets/Sci-Fi Styled Modular Pack/Prefabs/Walls/glass_panel_1_corner.prefab using Guid(8c3a444b099b80643a84476bfefca60d) Importer(815301076,1909f56bfc062723c751e8b465ee728b)  -> (artifact id: '44ab1983b0ad3e85ef02d249c6ae86ca') in 0.230495 seconds 
Internal: There are remaining Allocations on the JobTempAlloc. This is a leak, and will impact performance
To Debug, run app with -diag-job-temp-memory-leak-validation cmd line argument. This will output the callstacks of the leaked allocations.
Number of asset objects unloaded after import = 17
========================================================================
Received Import Request.
  Time since last request: 0.010030 seconds.
  path: Assets/Sci-Fi Styled Modular Pack/Prefabs/Machines/Shield Core.prefab
  artifactKey: Guid(5f8552cfeac0c29428f4d3d1362bacae) Importer(815301076,1909f56bfc062723c751e8b465ee728b)
Number of updated assets reloaded before import = 0
Start importing Assets/Sci-Fi Styled Modular Pack/Prefabs/Machines/Shield Core.prefab using Guid(5f8552cfeac0c29428f4d3d1362bacae) Importer(815301076,1909f56bfc062723c751e8b465ee728b)  -> (artifact id: '7c5d939b2e8af856ac1b16d845a727c7') in 0.250472 seconds 
Internal: There are remaining Allocations on the JobTempAlloc. This is a leak, and will impact performance
To Debug, run app with -diag-job-temp-memory-leak-validation cmd line argument. This will output the callstacks of the leaked allocations.
Number of asset objects unloaded after import = 88
========================================================================
Received Import Request.
  Time since last request: 772.430177 seconds.
  path: Assets/Sci-Fi Styled Modular Pack/Prefabs/Windows/window_big_blocker.prefab
  artifactKey: Guid(73eea014833549e42853d51ff2b37c32) Importer(815301076,1909f56bfc062723c751e8b465ee728b)
Number of updated assets reloaded before import = 0
Start importing Assets/Sci-Fi Styled Modular Pack/Prefabs/Windows/window_big_blocker.prefab using Guid(73eea014833549e42853d51ff2b37c32) Importer(815301076,1909f56bfc062723c751e8b465ee728b)  -> (artifact id: 'd707a90f5be7fcb436183bf614f8bb62') in 0.318983 seconds 
Internal: There are remaining Allocations on the JobTempAlloc. This is a leak, and will impact performance
To Debug, run app with -diag-job-temp-memory-leak-validation cmd line argument. This will output the callstacks of the leaked allocations.
Number of asset objects unloaded after import = 13
========================================================================
Received Import Request.
  Time since last request: 0.000072 seconds.
  path: Assets/Sci-Fi Styled Modular Pack/Prefabs/Windows/window_big_plug.prefab
  artifactKey: Guid(d087389d05d4d7e44922758971ced6af) Importer(815301076,1909f56bfc062723c751e8b465ee728b)
Number of updated assets reloaded before import = 0
Start importing Assets/Sci-Fi Styled Modular Pack/Prefabs/Windows/window_big_plug.prefab using Guid(d087389d05d4d7e44922758971ced6af) Importer(815301076,1909f56bfc062723c751e8b465ee728b)  -> (artifact id: '953e16b48d9db28336b936468661ae01') in 0.534701 seconds 
Internal: There are remaining Allocations on the JobTempAlloc. This is a leak, and will impact performance
To Debug, run app with -diag-job-temp-memory-leak-validation cmd line argument. This will output the callstacks of the leaked allocations.
Number of asset objects unloaded after import = 13
========================================================================
Received Import Request.
  Time since last request: 0.000152 seconds.
  path: Assets/Sci-Fi Styled Modular Pack/Prefabs/Windows/window_big_supplement.prefab
  artifactKey: Guid(0f6d27018f3822b4f871d6e402510f77) Importer(815301076,1909f56bfc062723c751e8b465ee728b)
Number of updated assets reloaded before import = 0
Start importing Assets/Sci-Fi Styled Modular Pack/Prefabs/Windows/window_big_supplement.prefab using Guid(0f6d27018f3822b4f871d6e402510f77) Importer(815301076,1909f56bfc062723c751e8b465ee728b)  -> (artifact id: '96cb0e84755dde198cb14b54bf028f47') in 0.690374 seconds 
Internal: There are remaining Allocations on the JobTempAlloc. This is a leak, and will impact performance
To Debug, run app with -diag-job-temp-memory-leak-validation cmd line argument. This will output the callstacks of the leaked allocations.
Number of asset objects unloaded after import = 13
========================================================================
Received Import Request.
  Time since last request: 0.002352 seconds.
  path: Assets/Sci-Fi Styled Modular Pack/Prefabs/Windows/window_big_corner.prefab
  artifactKey: Guid(b3ba71d7c63addc49b57e4c8e35af826) Importer(815301076,1909f56bfc062723c751e8b465ee728b)
Number of updated assets reloaded before import = 0
Start importing Assets/Sci-Fi Styled Modular Pack/Prefabs/Windows/window_big_corner.prefab using Guid(b3ba71d7c63addc49b57e4c8e35af826) Importer(815301076,1909f56bfc062723c751e8b465ee728b)  -> (artifact id: '5900478e536750734d880ab86ef55de8') in 0.829261 seconds 
Internal: There are remaining Allocations on the JobTempAlloc. This is a leak, and will impact performance
To Debug, run app with -diag-job-temp-memory-leak-validation cmd line argument. This will output the callstacks of the leaked allocations.
Number of asset objects unloaded after import = 25
========================================================================
Received Import Request.
  Time since last request: 0.000061 seconds.
  path: Assets/Sci-Fi Styled Modular Pack/Prefabs/Windows/window_big_no_LOD.prefab
  artifactKey: Guid(9e613db9d284cc14a9b0209f88d3b941) Importer(815301076,1909f56bfc062723c751e8b465ee728b)
Number of updated assets reloaded before import = 0
Start importing Assets/Sci-Fi Styled Modular Pack/Prefabs/Windows/window_big_no_LOD.prefab using Guid(9e613db9d284cc14a9b0209f88d3b941) Importer(815301076,1909f56bfc062723c751e8b465ee728b)  -> (artifact id: 'cc94e770726260cd5fe7fa34a0c80c11') in 0.867958 seconds 
Internal: There are remaining Allocations on the JobTempAlloc. This is a leak, and will impact performance
To Debug, run app with -diag-job-temp-memory-leak-validation cmd line argument. This will output the callstacks of the leaked allocations.
Number of asset objects unloaded after import = 18
========================================================================
Received Import Request.
  Time since last request: 0.000073 seconds.
  path: Assets/Sci-Fi Styled Modular Pack/Prefabs/Windows/window_big_blocker_3.prefab
  artifactKey: Guid(7e2e8028213a4834fa8f2991bdefe708) Importer(815301076,1909f56bfc062723c751e8b465ee728b)
Number of updated assets reloaded before import = 0
Start importing Assets/Sci-Fi Styled Modular Pack/Prefabs/Windows/window_big_blocker_3.prefab using Guid(7e2e8028213a4834fa8f2991bdefe708) Importer(815301076,1909f56bfc062723c751e8b465ee728b)  -> (artifact id: '1cefe2a834f4c7dd74a7d36c219d397d') in 0.661191 seconds 
Internal: There are remaining Allocations on the JobTempAlloc. This is a leak, and will impact performance
To Debug, run app with -diag-job-temp-memory-leak-validation cmd line argument. This will output the callstacks of the leaked allocations.
Number of asset objects unloaded after import = 13
========================================================================
Received Import Request.
  Time since last request: 32.026077 seconds.
  path: Assets/Sci-Fi Styled Modular Pack/Prefabs/Walls/decorative_wall_4_no_computer.prefab
  artifactKey: Guid(73d3182f2ceb62f48b8ab3173dc89e20) Importer(815301076,1909f56bfc062723c751e8b465ee728b)
Number of updated assets reloaded before import = 0
Start importing Assets/Sci-Fi Styled Modular Pack/Prefabs/Walls/decorative_wall_4_no_computer.prefab using Guid(73d3182f2ceb62f48b8ab3173dc89e20) Importer(815301076,1909f56bfc062723c751e8b465ee728b)  -> (artifact id: '8ec7156c22da8251160c386e700cf21e') in 0.354124 seconds 
Internal: There are remaining Allocations on the JobTempAlloc. This is a leak, and will impact performance
To Debug, run app with -diag-job-temp-memory-leak-validation cmd line argument. This will output the callstacks of the leaked allocations.
Number of asset objects unloaded after import = 24
========================================================================
Received Import Request.
  Time since last request: 0.000055 seconds.
  path: Assets/Sci-Fi Styled Modular Pack/Prefabs/Walls/glass_panel_1_corner.prefab
  artifactKey: Guid(8c3a444b099b80643a84476bfefca60d) Importer(815301076,1909f56bfc062723c751e8b465ee728b)
Number of updated assets reloaded before import = 0
Start importing Assets/Sci-Fi Styled Modular Pack/Prefabs/Walls/glass_panel_1_corner.prefab using Guid(8c3a444b099b80643a84476bfefca60d) Importer(815301076,1909f56bfc062723c751e8b465ee728b)  -> (artifact id: '33d61087ce8bf21f72f68374d8fc00ea') in 0.713178 seconds 
Internal: There are remaining Allocations on the JobTempAlloc. This is a leak, and will impact performance
To Debug, run app with -diag-job-temp-memory-leak-validation cmd line argument. This will output the callstacks of the leaked allocations.
Number of asset objects unloaded after import = 17
========================================================================
Received Import Request.
  Time since last request: 1496.262113 seconds.
  path: Assets/Sci-Fi Styled Modular Pack/Prefabs/Lights/light_celing_2.prefab
  artifactKey: Guid(e15828603e27c5e42b39860e4f55da70) Importer(815301076,1909f56bfc062723c751e8b465ee728b)
Number of updated assets reloaded before import = 0
Start importing Assets/Sci-Fi Styled Modular Pack/Prefabs/Lights/light_celing_2.prefab using Guid(e15828603e27c5e42b39860e4f55da70) Importer(815301076,1909f56bfc062723c751e8b465ee728b)  -> (artifact id: 'c19ce5764fee0ca863c412e5ca4b03bb') in 0.584213 seconds 
Internal: There are remaining Allocations on the JobTempAlloc. This is a leak, and will impact performance
To Debug, run app with -diag-job-temp-memory-leak-validation cmd line argument. This will output the callstacks of the leaked allocations.
Number of asset objects unloaded after import = 19
========================================================================
Received Import Request.
  Time since last request: 1.639997 seconds.
  path: Assets/Sci-Fi Styled Modular Pack/Prefabs/Machines/vending_machine.prefab
  artifactKey: Guid(914595d46f531e44f8b35cd1232a0750) Importer(815301076,1909f56bfc062723c751e8b465ee728b)
Number of updated assets reloaded before import = 0
Start importing Assets/Sci-Fi Styled Modular Pack/Prefabs/Machines/vending_machine.prefab using Guid(914595d46f531e44f8b35cd1232a0750) Importer(815301076,1909f56bfc062723c751e8b465ee728b)  -> (artifact id: 'c9eef174435d04e96184f77c0c9f5a02') in 0.778899 seconds 
Internal: There are remaining Allocations on the JobTempAlloc. This is a leak, and will impact performance
To Debug, run app with -diag-job-temp-memory-leak-validation cmd line argument. This will output the callstacks of the leaked allocations.
Number of asset objects unloaded after import = 14
========================================================================
Received Import Request.
  Time since last request: 13.062521 seconds.
  path: Assets/Sci-Fi Styled Modular Pack/Prefabs/Windows/window_big_corner.prefab
  artifactKey: Guid(b3ba71d7c63addc49b57e4c8e35af826) Importer(815301076,1909f56bfc062723c751e8b465ee728b)
Number of updated assets reloaded before import = 0
Start importing Assets/Sci-Fi Styled Modular Pack/Prefabs/Windows/window_big_corner.prefab using Guid(b3ba71d7c63addc49b57e4c8e35af826) Importer(815301076,1909f56bfc062723c751e8b465ee728b)  -> (artifact id: '7cc305e95edd5c5a398663846c9257a6') in 0.502865 seconds 
Internal: There are remaining Allocations on the JobTempAlloc. This is a leak, and will impact performance
To Debug, run app with -diag-job-temp-memory-leak-validation cmd line argument. This will output the callstacks of the leaked allocations.
Number of asset objects unloaded after import = 25
========================================================================
Received Import Request.
  Time since last request: 0.001089 seconds.
  path: Assets/Sci-Fi Styled Modular Pack/Prefabs/Windows/window_small.prefab
  artifactKey: Guid(243f4abba039a1846ad345848e88725c) Importer(815301076,1909f56bfc062723c751e8b465ee728b)
Number of updated assets reloaded before import = 0
Start importing Assets/Sci-Fi Styled Modular Pack/Prefabs/Windows/window_small.prefab using Guid(243f4abba039a1846ad345848e88725c) Importer(815301076,1909f56bfc062723c751e8b465ee728b)  -> (artifact id: '5f494815320e8acef5940fa9f989232f') in 0.495119 seconds 
Internal: There are remaining Allocations on the JobTempAlloc. This is a leak, and will impact performance
To Debug, run app with -diag-job-temp-memory-leak-validation cmd line argument. This will output the callstacks of the leaked allocations.
Number of asset objects unloaded after import = 14
========================================================================
Received Import Request.
  Time since last request: 1580.938629 seconds.
  path: Assets/Sci-Fi Styled Modular Pack/Prefabs/Machines/Battery_big.prefab
  artifactKey: Guid(77c6276b63956c9439d917f842b9eeb0) Importer(815301076,1909f56bfc062723c751e8b465ee728b)
Number of updated assets reloaded before import = 0
Start importing Assets/Sci-Fi Styled Modular Pack/Prefabs/Machines/Battery_big.prefab using Guid(77c6276b63956c9439d917f842b9eeb0) Importer(815301076,1909f56bfc062723c751e8b465ee728b)  -> (artifact id: '768c61a4904414d610d4a442395bcd6f') in 0.814330 seconds 
Internal: There are remaining Allocations on the JobTempAlloc. This is a leak, and will impact performance
To Debug, run app with -diag-job-temp-memory-leak-validation cmd line argument. This will output the callstacks of the leaked allocations.
Number of asset objects unloaded after import = 14
========================================================================
Received Import Request.
  Time since last request: 0.002427 seconds.
  path: Assets/Sci-Fi Styled Modular Pack/Prefabs/Machines/Capacitor.prefab
  artifactKey: Guid(888614259d2d71142a4ba0b538e54caf) Importer(815301076,1909f56bfc062723c751e8b465ee728b)
Number of updated assets reloaded before import = 0
Start importing Assets/Sci-Fi Styled Modular Pack/Prefabs/Machines/Capacitor.prefab using Guid(888614259d2d71142a4ba0b538e54caf) Importer(815301076,1909f56bfc062723c751e8b465ee728b)  -> (artifact id: '5912ba1f13cd3b0272702ee66748a57d') in 1.454781 seconds 
Internal: There are remaining Allocations on the JobTempAlloc. This is a leak, and will impact performance
To Debug, run app with -diag-job-temp-memory-leak-validation cmd line argument. This will output the callstacks of the leaked allocations.
Number of asset objects unloaded after import = 33
========================================================================
Received Import Request.
  Time since last request: 0.000051 seconds.
  path: Assets/Sci-Fi Styled Modular Pack/Prefabs/Machines/Battery_medium.prefab
  artifactKey: Guid(98f508b556c380a4e89204f95af2d3da) Importer(815301076,1909f56bfc062723c751e8b465ee728b)
Number of updated assets reloaded before import = 0
Start importing Assets/Sci-Fi Styled Modular Pack/Prefabs/Machines/Battery_medium.prefab using Guid(98f508b556c380a4e89204f95af2d3da) Importer(815301076,1909f56bfc062723c751e8b465ee728b)  -> (artifact id: 'f81eb67b57f58ef921b9e839ceaa1a06') in 1.219410 seconds 
Internal: There are remaining Allocations on the JobTempAlloc. This is a leak, and will impact performance
To Debug, run app with -diag-job-temp-memory-leak-validation cmd line argument. This will output the callstacks of the leaked allocations.
Number of asset objects unloaded after import = 14
========================================================================
Received Import Request.
  Time since last request: 0.001683 seconds.
  path: Assets/Sci-Fi Styled Modular Pack/Prefabs/Machines/projector.prefab
  artifactKey: Guid(3517d6179b17d7d41b2ab3881cb2cd67) Importer(815301076,1909f56bfc062723c751e8b465ee728b)
Number of updated assets reloaded before import = 0
Start importing Assets/Sci-Fi Styled Modular Pack/Prefabs/Machines/projector.prefab using Guid(3517d6179b17d7d41b2ab3881cb2cd67) Importer(815301076,1909f56bfc062723c751e8b465ee728b)  -> (artifact id: 'eb508ec16933fbfabee7539c5f113b05') in 3.344231 seconds 
Internal: There are remaining Allocations on the JobTempAlloc. This is a leak, and will impact performance
To Debug, run app with -diag-job-temp-memory-leak-validation cmd line argument. This will output the callstacks of the leaked allocations.
Number of asset objects unloaded after import = 45
========================================================================
Received Import Request.
  Time since last request: 115.080008 seconds.
  path: Assets/Sci-Fi Styled Modular Pack/Materials/comuter_wall.mat
  artifactKey: Guid(0d0f1f087865a1c47826008280428fdf) Importer(815301076,1909f56bfc062723c751e8b465ee728b)
Number of updated assets reloaded before import = 0
Start importing Assets/Sci-Fi Styled Modular Pack/Materials/comuter_wall.mat using Guid(0d0f1f087865a1c47826008280428fdf) Importer(815301076,1909f56bfc062723c751e8b465ee728b)  -> (artifact id: 'ca8dee22540270e9e8bb558832b52659') in 1.220132 seconds 
Internal: There are remaining Allocations on the JobTempAlloc. This is a leak, and will impact performance
To Debug, run app with -diag-job-temp-memory-leak-validation cmd line argument. This will output the callstacks of the leaked allocations.
Number of asset objects unloaded after import = 4
========================================================================
Received Import Request.
  Time since last request: 0.000061 seconds.
  path: Assets/Sci-Fi Styled Modular Pack/Materials/nature_bush.mat
  artifactKey: Guid(4256c7f593c13f84bbd6e74b481a6ec4) Importer(815301076,1909f56bfc062723c751e8b465ee728b)
Number of updated assets reloaded before import = 0
Start importing Assets/Sci-Fi Styled Modular Pack/Materials/nature_bush.mat using Guid(4256c7f593c13f84bbd6e74b481a6ec4) Importer(815301076,1909f56bfc062723c751e8b465ee728b)  -> (artifact id: '44bebd709fa49817519d692d01675df8') in 1.423108 seconds 
Internal: There are remaining Allocations on the JobTempAlloc. This is a leak, and will impact performance
To Debug, run app with -diag-job-temp-memory-leak-validation cmd line argument. This will output the callstacks of the leaked allocations.
Number of asset objects unloaded after import = 3
========================================================================
Received Import Request.
  Time since last request: 0.024642 seconds.
  path: Assets/Sci-Fi Styled Modular Pack/Materials/nature_ground.mat
  artifactKey: Guid(71c78677fdc08394da7fd716fb41a991) Importer(815301076,1909f56bfc062723c751e8b465ee728b)
Number of updated assets reloaded before import = 0
Start importing Assets/Sci-Fi Styled Modular Pack/Materials/nature_ground.mat using Guid(71c78677fdc08394da7fd716fb41a991) Importer(815301076,1909f56bfc062723c751e8b465ee728b)  -> (artifact id: '7c90885e0344d8eb95b281dddd80bae2') in 1.798072 seconds 
Internal: There are remaining Allocations on the JobTempAlloc. This is a leak, and will impact performance
To Debug, run app with -diag-job-temp-memory-leak-validation cmd line argument. This will output the callstacks of the leaked allocations.
Number of asset objects unloaded after import = 2
========================================================================
Received Import Request.
  Time since last request: 0.036734 seconds.
  path: Assets/Sci-Fi Styled Modular Pack/Textures/base-color.png
  artifactKey: Guid(dfcd4dcb2145c6d4f9da3e7654d22d9e) Importer(815301076,1909f56bfc062723c751e8b465ee728b)
Number of updated assets reloaded before import = 0
Start importing Assets/Sci-Fi Styled Modular Pack/Textures/base-color.png using Guid(dfcd4dcb2145c6d4f9da3e7654d22d9e) Importer(815301076,1909f56bfc062723c751e8b465ee728b)  -> (artifact id: '211803e4669b5c494538edbfe73c1950') in 0.354890 seconds 
Internal: There are remaining Allocations on the JobTempAlloc. This is a leak, and will impact performance
To Debug, run app with -diag-job-temp-memory-leak-validation cmd line argument. This will output the callstacks of the leaked allocations.
Number of asset objects unloaded after import = 2
========================================================================
Received Import Request.
  Time since last request: 0.000127 seconds.
  path: Assets/Sci-Fi Styled Modular Pack/Textures/mettalic.png
  artifactKey: Guid(5ef1ecb17b682174ebbeed9a9d7af166) Importer(815301076,1909f56bfc062723c751e8b465ee728b)
Number of updated assets reloaded before import = 0
Start importing Assets/Sci-Fi Styled Modular Pack/Textures/mettalic.png using Guid(5ef1ecb17b682174ebbeed9a9d7af166) Importer(815301076,1909f56bfc062723c751e8b465ee728b)  -> (artifact id: 'd3bd68da2fee4489fdc0051d7ccbc4af') in 1.105251 seconds 
Internal: There are remaining Allocations on the JobTempAlloc. This is a leak, and will impact performance
To Debug, run app with -diag-job-temp-memory-leak-validation cmd line argument. This will output the callstacks of the leaked allocations.
Number of asset objects unloaded after import = 3
========================================================================
Received Import Request.
  Time since last request: 0.000059 seconds.
  path: Assets/Sci-Fi Styled Modular Pack/Textures/blood-color.png
  artifactKey: Guid(a08b90f188f43c9429b6b84b6e2d696c) Importer(815301076,1909f56bfc062723c751e8b465ee728b)
Number of updated assets reloaded before import = 0
Start importing Assets/Sci-Fi Styled Modular Pack/Textures/blood-color.png using Guid(a08b90f188f43c9429b6b84b6e2d696c) Importer(815301076,1909f56bfc062723c751e8b465ee728b)  -> (artifact id: '21bdfa20193319744ccf6b0e8f98cdbd') in 0.305850 seconds 
Internal: There are remaining Allocations on the JobTempAlloc. This is a leak, and will impact performance
To Debug, run app with -diag-job-temp-memory-leak-validation cmd line argument. This will output the callstacks of the leaked allocations.
Number of asset objects unloaded after import = 2
========================================================================
Received Import Request.
  Time since last request: 0.000060 seconds.
  path: Assets/Sci-Fi Styled Modular Pack/Textures/dark-color.png
  artifactKey: Guid(d65ae29772ec4ab4b949103da54086be) Importer(815301076,1909f56bfc062723c751e8b465ee728b)
Number of updated assets reloaded before import = 0
Start importing Assets/Sci-Fi Styled Modular Pack/Textures/dark-color.png using Guid(d65ae29772ec4ab4b949103da54086be) Importer(815301076,1909f56bfc062723c751e8b465ee728b)  -> (artifact id: 'f2c2816b78a4302c8b573db751c28a9a') in 0.228597 seconds 
Internal: There are remaining Allocations on the JobTempAlloc. This is a leak, and will impact performance
To Debug, run app with -diag-job-temp-memory-leak-validation cmd line argument. This will output the callstacks of the leaked allocations.
Number of asset objects unloaded after import = 3
========================================================================
Received Import Request.
  Time since last request: 0.000059 seconds.
  path: Assets/Sci-Fi Styled Modular Pack/Textures/computer_wall_texture.png
  artifactKey: Guid(7b98260aedcf3b0438023520105fd422) Importer(815301076,1909f56bfc062723c751e8b465ee728b)
Number of updated assets reloaded before import = 0
Start importing Assets/Sci-Fi Styled Modular Pack/Textures/computer_wall_texture.png using Guid(7b98260aedcf3b0438023520105fd422) Importer(815301076,1909f56bfc062723c751e8b465ee728b)  -> (artifact id: 'edc64ec1c56b53815d530422dbd46699') in 0.828332 seconds 
Internal: There are remaining Allocations on the JobTempAlloc. This is a leak, and will impact performance
To Debug, run app with -diag-job-temp-memory-leak-validation cmd line argument. This will output the callstacks of the leaked allocations.
Number of asset objects unloaded after import = 3
========================================================================
Received Import Request.
  Time since last request: 0.000072 seconds.
  path: Assets/Sci-Fi Styled Modular Pack/Textures/lattice.png
  artifactKey: Guid(26d4d63e94c354a478b2fe05bb112302) Importer(815301076,1909f56bfc062723c751e8b465ee728b)
Number of updated assets reloaded before import = 0
Start importing Assets/Sci-Fi Styled Modular Pack/Textures/lattice.png using Guid(26d4d63e94c354a478b2fe05bb112302) Importer(815301076,1909f56bfc062723c751e8b465ee728b)  -> (artifact id: '8f03717190ed75e6e2e715de18466d6c') in 0.762821 seconds 
Internal: There are remaining Allocations on the JobTempAlloc. This is a leak, and will impact performance
To Debug, run app with -diag-job-temp-memory-leak-validation cmd line argument. This will output the callstacks of the leaked allocations.
Number of asset objects unloaded after import = 2
========================================================================
Received Import Request.
  Time since last request: 0.000068 seconds.
  path: Assets/Sci-Fi Styled Modular Pack/Materials/lattice.mat
  artifactKey: Guid(0f4853191d321d748b1f95a97d7b37f4) Importer(815301076,1909f56bfc062723c751e8b465ee728b)
Number of updated assets reloaded before import = 0
Start importing Assets/Sci-Fi Styled Modular Pack/Materials/lattice.mat using Guid(0f4853191d321d748b1f95a97d7b37f4) Importer(815301076,1909f56bfc062723c751e8b465ee728b)  -> (artifact id: 'b94fdd896f3109a615be21fdc67a3c6d') in 1.815759 seconds 
Internal: There are remaining Allocations on the JobTempAlloc. This is a leak, and will impact performance
To Debug, run app with -diag-job-temp-memory-leak-validation cmd line argument. This will output the callstacks of the leaked allocations.
Number of asset objects unloaded after import = 3
========================================================================
Received Import Request.
  Time since last request: 0.029487 seconds.
  path: Assets/Sci-Fi Styled Modular Pack/Materials/window.mat
  artifactKey: Guid(6df5b81390f2c8d4d967baea2b0a190e) Importer(815301076,1909f56bfc062723c751e8b465ee728b)
Number of updated assets reloaded before import = 0
Start importing Assets/Sci-Fi Styled Modular Pack/Materials/window.mat using Guid(6df5b81390f2c8d4d967baea2b0a190e) Importer(815301076,1909f56bfc062723c751e8b465ee728b)  -> (artifact id: '142260bafce661d1461f49cfbbb72d6a') in 1.536325 seconds 
Internal: There are remaining Allocations on the JobTempAlloc. This is a leak, and will impact performance
To Debug, run app with -diag-job-temp-memory-leak-validation cmd line argument. This will output the callstacks of the leaked allocations.
Number of asset objects unloaded after import = 5
========================================================================
Received Import Request.
  Time since last request: 0.001160 seconds.
  path: Assets/Sci-Fi Styled Modular Pack/Textures/grey-color.png
  artifactKey: Guid(5293294e5c42df8419dcb5492d2d0744) Importer(815301076,1909f56bfc062723c751e8b465ee728b)
Number of updated assets reloaded before import = 0
Start importing Assets/Sci-Fi Styled Modular Pack/Textures/grey-color.png using Guid(5293294e5c42df8419dcb5492d2d0744) Importer(815301076,1909f56bfc062723c751e8b465ee728b)  -> (artifact id: 'f9c707926ff2235da065bf790ed7cbcd') in 0.695544 seconds 
Internal: There are remaining Allocations on the JobTempAlloc. This is a leak, and will impact performance
To Debug, run app with -diag-job-temp-memory-leak-validation cmd line argument. This will output the callstacks of the leaked allocations.
Number of asset objects unloaded after import = 3
========================================================================
Received Import Request.
  Time since last request: 0.000073 seconds.
  path: Assets/Sci-Fi Styled Modular Pack/Textures/bush.png
  artifactKey: Guid(e183aa09c01ee5b49b32b70535924240) Importer(815301076,1909f56bfc062723c751e8b465ee728b)
Number of updated assets reloaded before import = 0
Start importing Assets/Sci-Fi Styled Modular Pack/Textures/bush.png using Guid(e183aa09c01ee5b49b32b70535924240) Importer(815301076,1909f56bfc062723c751e8b465ee728b)  -> (artifact id: '4c27edaf4364c51121bd4823f79f946b') in 0.341673 seconds 
Internal: There are remaining Allocations on the JobTempAlloc. This is a leak, and will impact performance
To Debug, run app with -diag-job-temp-memory-leak-validation cmd line argument. This will output the callstacks of the leaked allocations.
Number of asset objects unloaded after import = 2
========================================================================
Received Import Request.
  Time since last request: 0.000070 seconds.
  path: Assets/Sci-Fi Styled Modular Pack/Textures/hologram texture.png
  artifactKey: Guid(298751e2d47c6fc4dabd5e865463c5f5) Importer(815301076,1909f56bfc062723c751e8b465ee728b)
Number of updated assets reloaded before import = 0
Start importing Assets/Sci-Fi Styled Modular Pack/Textures/hologram texture.png using Guid(298751e2d47c6fc4dabd5e865463c5f5) Importer(815301076,1909f56bfc062723c751e8b465ee728b)  -> (artifact id: '37d4860e34d999286a40517a3b784b8c') in 0.184580 seconds 
Internal: There are remaining Allocations on the JobTempAlloc. This is a leak, and will impact performance
To Debug, run app with -diag-job-temp-memory-leak-validation cmd line argument. This will output the callstacks of the leaked allocations.
Number of asset objects unloaded after import = 2
========================================================================
Received Import Request.
  Time since last request: 0.000182 seconds.
  path: Assets/Sci-Fi Styled Modular Pack/Textures/window_big_transparent_mask.png
  artifactKey: Guid(c4d2256bf54ca0948bc30a5cc74fb153) Importer(815301076,1909f56bfc062723c751e8b465ee728b)
Number of updated assets reloaded before import = 0
Start importing Assets/Sci-Fi Styled Modular Pack/Textures/window_big_transparent_mask.png using Guid(c4d2256bf54ca0948bc30a5cc74fb153) Importer(815301076,1909f56bfc062723c751e8b465ee728b)  -> (artifact id: '2c235027527db02577df798722a9138d') in 0.663559 seconds 
Internal: There are remaining Allocations on the JobTempAlloc. This is a leak, and will impact performance
To Debug, run app with -diag-job-temp-memory-leak-validation cmd line argument. This will output the callstacks of the leaked allocations.
Number of asset objects unloaded after import = 3
========================================================================
Received Import Request.
  Time since last request: 0.000120 seconds.
  path: Assets/Sci-Fi Styled Modular Pack/Textures/second-color.png
  artifactKey: Guid(35c79cc0b2e9d394faa8922409ffb64a) Importer(815301076,1909f56bfc062723c751e8b465ee728b)
Number of updated assets reloaded before import = 0
Start importing Assets/Sci-Fi Styled Modular Pack/Textures/second-color.png using Guid(35c79cc0b2e9d394faa8922409ffb64a) Importer(815301076,1909f56bfc062723c751e8b465ee728b)  -> (artifact id: '2e4bad24ee6033846d9b1d52399ff71f') in 0.310584 seconds 
Internal: There are remaining Allocations on the JobTempAlloc. This is a leak, and will impact performance
To Debug, run app with -diag-job-temp-memory-leak-validation cmd line argument. This will output the callstacks of the leaked allocations.
Number of asset objects unloaded after import = 3
========================================================================
Received Import Request.
  Time since last request: 0.000064 seconds.
  path: Assets/Sci-Fi Styled Modular Pack/Materials/glass.mat
  artifactKey: Guid(2ce01831e9f3ae441bb48623e5fbe0c0) Importer(815301076,1909f56bfc062723c751e8b465ee728b)
Number of updated assets reloaded before import = 0
Start importing Assets/Sci-Fi Styled Modular Pack/Materials/glass.mat using Guid(2ce01831e9f3ae441bb48623e5fbe0c0) Importer(815301076,1909f56bfc062723c751e8b465ee728b)  -> (artifact id: 'e11f36c7b820eaf13c5b7dc8403527a1') in 0.911099 seconds 
Internal: There are remaining Allocations on the JobTempAlloc. This is a leak, and will impact performance
To Debug, run app with -diag-job-temp-memory-leak-validation cmd line argument. This will output the callstacks of the leaked allocations.
Number of asset objects unloaded after import = 2
========================================================================
Received Import Request.
  Time since last request: 0.000067 seconds.
  path: Assets/Sci-Fi Styled Modular Pack/Materials/lattice floor.mat
  artifactKey: Guid(62dcf96e239eb0d4db44cbe622abf152) Importer(815301076,1909f56bfc062723c751e8b465ee728b)
Number of updated assets reloaded before import = 0
Start importing Assets/Sci-Fi Styled Modular Pack/Materials/lattice floor.mat using Guid(62dcf96e239eb0d4db44cbe622abf152) Importer(815301076,1909f56bfc062723c751e8b465ee728b)  -> (artifact id: '15b1a442e6dc2a06205bb99e3629562e') in 0.194499 seconds 
Internal: There are remaining Allocations on the JobTempAlloc. This is a leak, and will impact performance
To Debug, run app with -diag-job-temp-memory-leak-validation cmd line argument. This will output the callstacks of the leaked allocations.
Number of asset objects unloaded after import = 3
